<?xml version="1.0" encoding="UTF-8"?>
<!-- Generated by org.testng.reporters.JUnitXMLReporter -->
<testsuite ignored="2" hostname="LAPTOP-RBMMUDIV" failures="0" tests="4" name="Test" time="0.081" errors="0" timestamp="2025-07-23T10:13:04 IST">
  <testcase classname="com.crm.comcast.contacttest.CreateContactTest" name="createContact" time="0.006"/>
  <testcase classname="com.crm.comcast.contacttest.CreateContactTest" name="createContactWithDate" time="0.004"/>
  <testcase classname="com.crm.comcast.orgtest.CreateOrgTest" name="createOrg" time="0.001"/>
  <testcase classname="com.crm.comcast.orgtest.CreateOrgTest" name="createOrgWithIndustry" time="0.001"/>
  <testcase classname="com.crm.generic.baseutility.BaseClass" name="@BeforeSuite configBS" time="0.0">
    <ignored/>
  </testcase> <!-- @BeforeSuite configBS -->
  <testcase classname="com.crm.generic.baseutility.BaseClass" name="@AfterSuite configAS" time="0.0">
    <ignored/>
  </testcase> <!-- @AfterSuite configAS -->
</testsuite> <!-- Test -->
