<?xml version="1.0" encoding="UTF-8"?>
<testng-results ignored="0" total="1" passed="1" failed="0" skipped="0">
  <reporter-output>
  </reporter-output>
  <suite started-at="2025-06-30T12:24:13Z" name="Surefire suite" finished-at="2025-06-30T12:24:26Z" duration-ms="12625">
    <groups>
    </groups>
    <test started-at="2025-06-30T12:24:13Z" name="Surefire test" finished-at="2025-06-30T12:24:26Z" duration-ms="12625">
      <class name="practicedatadriventesting.SeleniumTestReadDataFromRunTime">
        <test-method signature="seleniumTest()[pri:0, instance:practicedatadriventesting.SeleniumTestReadDataFromRunTime@12405818]" started-at="2025-06-30T12:24:13Z" name="seleniumTest" finished-at="2025-06-30T12:24:26Z" duration-ms="12606" status="PASS">
          <reporter-output>
          </reporter-output>
        </test-method> <!-- seleniumTest -->
      </class> <!-- practicedatadriventesting.SeleniumTestReadDataFromRunTime -->
    </test> <!-- Surefire test -->
  </suite> <!-- Surefire suite -->
</testng-results>
